{
  "RSpec": {
    "coverage": {
      "/Users/andrew/Makers/portfolio-projects/gilded_rose_design_project/spec/gilded_rose_spec.rb": [
        1,
        1,
        1,
        1,
        null,
        1,
        null,
        1,
        null,
        1,
        1,
        1,
        1,
        1,
        1,
        null,
        null,
        1,
        1,
        1,
        1,
        1,
        null,
        null,
        null,
        null
      ],
      "/Users/andrew/Makers/portfolio-projects/gilded_rose_design_project/lib/gilded_rose.rb": [
        1,
        null,
        1,
        19,
        null,
        null,
        1,
        19,
        null,
        19,
        null,
        null,
        null,
        null
      ],
      "/Users/andrew/Makers/portfolio-projects/gilded_rose_design_project/lib/item.rb": [
        null,
        null,
        1,
        1,
        null,
        1,
        9,
        9,
        9,
        null,
        null,
        1,
        0,
        null,
        null
      ],
      "/Users/andrew/Makers/portfolio-projects/gilded_rose_design_project/lib/normal_item.rb": [
        1,
        null,
        1,
        null,
        1,
        null,
        9,
        null,
        9,
        null,
        4,
        null,
        0,
        null,
        5,
        null,
        null,
        9,
        9,
        null,
        null,
        1,
        null,
        1,
        0,
        0,
        0,
        0,
        null,
        null,
        1,
        4,
        null,
        null,
        1,
        5,
        null,
        null
      ],
      "/Users/andrew/Makers/portfolio-projects/gilded_rose_design_project/lib/legendary_item.rb": [
        1,
        null,
        1,
        null,
        1,
        null,
        null,
        null
      ],
      "/Users/andrew/Makers/portfolio-projects/gilded_rose_design_project/spec/normal_item_spec.rb": [
        1,
        null,
        1,
        null,
        1,
        1,
        1,
        1,
        null,
        null,
        1,
        1,
        1,
        1,
        null,
        null,
        1,
        1,
        1,
        1,
        null,
        null,
        1,
        1,
        1,
        1,
        1,
        1,
        null,
        null,
        null,
        1,
        1,
        1,
        1,
        1,
        null,
        null,
        null,
        null,
        1,
        1,
        1,
        1,
        1,
        1,
        null,
        null,
        1,
        1,
        1,
        1,
        null,
        null,
        null,
        1,
        1,
        1,
        1,
        1,
        null,
        null,
        1,
        1,
        1,
        1,
        null,
        null,
        null,
        null,
        1,
        1,
        1,
        1,
        1,
        1,
        1,
        null,
        null,
        1,
        1,
        1,
        1,
        1,
        null,
        null,
        null,
        1,
        1,
        1,
        1,
        1,
        1,
        null,
        null,
        1,
        1,
        1,
        1,
        1,
        null,
        null,
        null,
        1,
        1,
        1,
        1,
        1,
        1,
        null,
        null,
        1,
        1,
        1,
        1,
        1,
        null,
        null,
        null,
        1,
        1,
        1,
        1,
        1,
        1,
        null,
        null,
        1,
        1,
        1,
        1,
        1,
        null,
        null,
        null,
        null
      ]
    },
    "timestamp": 1555143032
  }
}
